2025-06-06 10:35:19,697 - {"rota": "/", "tempo_total_s": 0.017, "cpu_inicio_%": 100.0, "cpu_fim_%": 50.0, "mem_inicio_%": 97.3, "mem_fim_%": 97.6, "status_code": 200, "payload_bytes": 0}
2025-06-06 10:35:20,116 - {"rota": "/favicon.ico", "tempo_total_s": 0.009, "cpu_inicio_%": 0.0, "cpu_fim_%": 0.0, "mem_inicio_%": 99.9, "mem_fim_%": 99.9, "status_code": 404, "payload_bytes": 0}
2025-06-06 10:35:22,773 - {"rota": "/apidocs/", "tempo_total_s": 0.203, "cpu_inicio_%": 0.0, "cpu_fim_%": 8.6, "mem_inicio_%": 98.9, "mem_fim_%": 99.3, "status_code": 200, "payload_bytes": 0}
2025-06-06 10:35:22,941 - {"rota": "/flasgger_static/swagger-ui.css", "tempo_total_s": 0.145, "cpu_inicio_%": 0.0, "cpu_fim_%": 4.3, "mem_inicio_%": 99.4, "mem_fim_%": 99.1, "status_code": 304, "payload_bytes": 0}
2025-06-06 10:35:23,023 - {"rota": "/flasgger_static/lib/jquery.min.js", "tempo_total_s": 0.068, "cpu_inicio_%": 0.0, "cpu_fim_%": 4.3, "mem_inicio_%": 99.1, "mem_fim_%": 99.1, "status_code": 304, "payload_bytes": 0}
2025-06-06 10:35:23,050 - {"rota": "/flasgger_static/swagger-ui-standalone-preset.js", "tempo_total_s": 0.233, "cpu_inicio_%": 0.0, "cpu_fim_%": 4.5, "mem_inicio_%": 99.4, "mem_fim_%": 99.2, "status_code": 304, "payload_bytes": 0}
2025-06-06 10:35:23,148 - {"rota": "/flasgger_static/swagger-ui-bundle.js", "tempo_total_s": 0.342, "cpu_inicio_%": 0.0, "cpu_fim_%": 4.3, "mem_inicio_%": 99.4, "mem_fim_%": 99.2, "status_code": 304, "payload_bytes": 0}
2025-06-06 10:35:23,586 - {"rota": "/apispec.json", "tempo_total_s": 0.006, "cpu_inicio_%": 0.0, "cpu_fim_%": 0.0, "mem_inicio_%": 99.0, "mem_fim_%": 99.0, "status_code": 200, "payload_bytes": 0}
2025-06-06 10:39:05,412 - {"rota": "/apidocs/", "tempo_total_s": 0.139, "cpu_inicio_%": 0.0, "cpu_fim_%": 14.2, "mem_inicio_%": 93.8, "mem_fim_%": 93.9, "status_code": 200, "payload_bytes": 0}
2025-06-06 10:39:05,579 - {"rota": "/flasgger_static/swagger-ui.css", "tempo_total_s": 0.123, "cpu_inicio_%": 0.0, "cpu_fim_%": 15.4, "mem_inicio_%": 94.1, "mem_fim_%": 93.9, "status_code": 304, "payload_bytes": 0}
2025-06-06 10:39:05,654 - {"rota": "/flasgger_static/lib/jquery.min.js", "tempo_total_s": 0.177, "cpu_inicio_%": 0.0, "cpu_fim_%": 17.4, "mem_inicio_%": 94.0, "mem_fim_%": 94.1, "status_code": 304, "payload_bytes": 0}
2025-06-06 10:39:05,693 - {"rota": "/flasgger_static/swagger-ui-standalone-preset.js", "tempo_total_s": 0.246, "cpu_inicio_%": 0.0, "cpu_fim_%": 15.6, "mem_inicio_%": 94.1, "mem_fim_%": 94.2, "status_code": 304, "payload_bytes": 0}
2025-06-06 10:39:05,799 - {"rota": "/flasgger_static/swagger-ui-bundle.js", "tempo_total_s": 0.332, "cpu_inicio_%": 0.0, "cpu_fim_%": 15.4, "mem_inicio_%": 94.0, "mem_fim_%": 94.2, "status_code": 304, "payload_bytes": 0}
2025-06-06 10:39:06,019 - {"rota": "/apispec.json", "tempo_total_s": 0.01, "cpu_inicio_%": 0.0, "cpu_fim_%": 11.1, "mem_inicio_%": 94.6, "mem_fim_%": 94.6, "status_code": 200, "payload_bytes": 0}
2025-06-06 10:42:14,444 - {"rota": "/apidocs/", "tempo_total_s": 0.034, "cpu_inicio_%": 0.0, "cpu_fim_%": 14.7, "mem_inicio_%": 94.2, "mem_fim_%": 94.2, "status_code": 200, "payload_bytes": 0}
2025-06-06 10:42:14,707 - {"rota": "/flasgger_static/swagger-ui.css", "tempo_total_s": 0.185, "cpu_inicio_%": 0.0, "cpu_fim_%": 34.0, "mem_inicio_%": 94.3, "mem_fim_%": 95.3, "status_code": 304, "payload_bytes": 0}
2025-06-06 10:42:14,729 - {"rota": "/flasgger_static/swagger-ui-standalone-preset.js", "tempo_total_s": 0.129, "cpu_inicio_%": 0.0, "cpu_fim_%": 31.2, "mem_inicio_%": 95.2, "mem_fim_%": 95.3, "status_code": 304, "payload_bytes": 0}
2025-06-06 10:42:14,742 - {"rota": "/flasgger_static/lib/jquery.min.js", "tempo_total_s": 0.124, "cpu_inicio_%": 0.0, "cpu_fim_%": 28.9, "mem_inicio_%": 95.2, "mem_fim_%": 95.3, "status_code": 304, "payload_bytes": 0}
2025-06-06 10:42:14,754 - {"rota": "/flasgger_static/swagger-ui-bundle.js", "tempo_total_s": 0.165, "cpu_inicio_%": 0.0, "cpu_fim_%": 26.6, "mem_inicio_%": 95.1, "mem_fim_%": 95.4, "status_code": 304, "payload_bytes": 0}
2025-06-06 10:42:14,964 - {"rota": "/apispec.json", "tempo_total_s": 0.008, "cpu_inicio_%": 0.0, "cpu_fim_%": 16.7, "mem_inicio_%": 95.8, "mem_fim_%": 95.9, "status_code": 200, "payload_bytes": 0}
2025-06-06 10:42:15,023 - {"rota": "/flasgger_static/favicon-32x32.png", "tempo_total_s": 0.009, "cpu_inicio_%": 0.0, "cpu_fim_%": 11.1, "mem_inicio_%": 96.0, "mem_fim_%": 96.0, "status_code": 200, "payload_bytes": 0}
2025-06-06 10:45:09,769 - {"rota": "/apidocs/", "tempo_total_s": 0.044, "cpu_inicio_%": 0.0, "cpu_fim_%": 0.0, "mem_inicio_%": 92.6, "mem_fim_%": 92.6, "status_code": 200, "payload_bytes": 0}
2025-06-06 10:45:09,894 - {"rota": "/flasgger_static/swagger-ui.css", "tempo_total_s": 0.089, "cpu_inicio_%": 0.0, "cpu_fim_%": 11.0, "mem_inicio_%": 92.5, "mem_fim_%": 92.7, "status_code": 304, "payload_bytes": 0}
2025-06-06 10:45:09,910 - {"rota": "/flasgger_static/swagger-ui-bundle.js", "tempo_total_s": 0.097, "cpu_inicio_%": 0.0, "cpu_fim_%": 9.6, "mem_inicio_%": 92.5, "mem_fim_%": 92.7, "status_code": 304, "payload_bytes": 0}
2025-06-06 10:45:09,921 - {"rota": "/flasgger_static/swagger-ui-standalone-preset.js", "tempo_total_s": 0.094, "cpu_inicio_%": 0.0, "cpu_fim_%": 12.7, "mem_inicio_%": 92.7, "mem_fim_%": 92.7, "status_code": 304, "payload_bytes": 0}
2025-06-06 10:45:09,939 - {"rota": "/flasgger_static/lib/jquery.min.js", "tempo_total_s": 0.102, "cpu_inicio_%": 0.0, "cpu_fim_%": 11.1, "mem_inicio_%": 92.7, "mem_fim_%": 92.9, "status_code": 304, "payload_bytes": 0}
2025-06-06 10:45:10,161 - {"rota": "/apispec.json", "tempo_total_s": 0.019, "cpu_inicio_%": 0.0, "cpu_fim_%": 15.0, "mem_inicio_%": 93.1, "mem_fim_%": 93.2, "status_code": 200, "payload_bytes": 0}
2025-06-06 10:46:41,872 - {"rota": "/prever_com_arquivo", "tempo_total_s": 0.009, "cpu_inicio_%": 0.0, "cpu_fim_%": 0.0, "mem_inicio_%": 92.8, "mem_fim_%": 92.8, "status_code": 401, "payload_bytes": 0}
2025-06-06 10:46:44,309 - {"etapa": "inferencia_modelo", "rota": "/prever_com_arquivo", "tempo_inferencia_s": 0.7, "cpu_inicio_%": 13.3, "cpu_fim_%": 9.3, "mem_inicio_%": 92.9, "mem_fim_%": 93.2}
2025-06-06 10:46:44,322 - {"rota": "/prever_com_arquivo", "tempo_total_s": 0.776, "cpu_inicio_%": 0.0, "cpu_fim_%": 0.0, "mem_inicio_%": 93.0, "mem_fim_%": 93.2, "status_code": 200, "payload_bytes": 0}
2025-06-06 10:47:15,764 - {"etapa": "inferencia_modelo", "rota": "/prever_com_data", "tempo_inferencia_s": 0.143, "cpu_inicio_%": 4.8, "cpu_fim_%": 13.6, "mem_inicio_%": 93.8, "mem_fim_%": 94.3}
2025-06-06 10:47:15,772 - {"rota": "/prever_com_data", "tempo_total_s": 4.887, "cpu_inicio_%": 0.0, "cpu_fim_%": 9.1, "mem_inicio_%": 92.2, "mem_fim_%": 94.2, "status_code": 200, "payload_bytes": 0}
2025-06-06 12:31:04,319 - {"etapa": "inferencia_modelo", "rota": "/prever_com_data", "tempo_inferencia_s": 0.543, "cpu_inicio_%": 13.9, "cpu_fim_%": 7.9, "mem_inicio_%": 86.7, "mem_fim_%": 87.9}
2025-06-06 12:31:04,329 - {"rota": "/prever_com_data", "tempo_total_s": 1.746, "cpu_inicio_%": 0.0, "cpu_fim_%": 66.7, "mem_inicio_%": 85.9, "mem_fim_%": 87.9, "status_code": 200, "payload_bytes": 0}
2025-06-06 12:31:15,598 - {"etapa": "inferencia_modelo", "rota": "/prever_com_data", "tempo_inferencia_s": 0.114, "cpu_inicio_%": 6.9, "cpu_fim_%": 5.2, "mem_inicio_%": 89.8, "mem_fim_%": 89.8}
2025-06-06 12:31:15,606 - {"rota": "/prever_com_data", "tempo_total_s": 0.594, "cpu_inicio_%": 0.0, "cpu_fim_%": 0.0, "mem_inicio_%": 89.8, "mem_fim_%": 89.8, "status_code": 200, "payload_bytes": 0}
2025-06-06 17:11:30,666 - {"rota": "/apidocs/", "tempo_total_s": 0.074, "cpu_inicio_%": 0.0, "cpu_fim_%": 8.9, "mem_inicio_%": 92.1, "mem_fim_%": 92.2, "status_code": 200, "payload_bytes": 0}
2025-06-06 17:11:30,972 - {"rota": "/flasgger_static/swagger-ui.css", "tempo_total_s": 0.134, "cpu_inicio_%": 0.0, "cpu_fim_%": 24.5, "mem_inicio_%": 92.8, "mem_fim_%": 92.5, "status_code": 304, "payload_bytes": 0}
2025-06-06 17:11:31,079 - {"rota": "/flasgger_static/lib/jquery.min.js", "tempo_total_s": 0.174, "cpu_inicio_%": 0.0, "cpu_fim_%": 23.7, "mem_inicio_%": 93.1, "mem_fim_%": 91.9, "status_code": 304, "payload_bytes": 0}
2025-06-06 17:11:31,158 - {"rota": "/flasgger_static/swagger-ui-standalone-preset.js", "tempo_total_s": 0.219, "cpu_inicio_%": 0.0, "cpu_fim_%": 20.1, "mem_inicio_%": 93.2, "mem_fim_%": 91.9, "status_code": 304, "payload_bytes": 0}
2025-06-06 17:11:31,327 - {"rota": "/flasgger_static/swagger-ui-bundle.js", "tempo_total_s": 0.451, "cpu_inicio_%": 0.0, "cpu_fim_%": 18.5, "mem_inicio_%": 93.0, "mem_fim_%": 92.0, "status_code": 304, "payload_bytes": 0}
2025-06-06 17:11:31,824 - {"rota": "/apispec.json", "tempo_total_s": 0.058, "cpu_inicio_%": 0.0, "cpu_fim_%": 8.3, "mem_inicio_%": 92.4, "mem_fim_%": 92.5, "status_code": 200, "payload_bytes": 0}
2025-06-06 17:11:31,870 - {"rota": "/flasgger_static/favicon-32x32.png", "tempo_total_s": 0.026, "cpu_inicio_%": 0.0, "cpu_fim_%": 29.2, "mem_inicio_%": 92.5, "mem_fim_%": 92.6, "status_code": 304, "payload_bytes": 0}
